[debug] > Exec(early(addDefaultCommands), None, None)
[debug] > Exec(addDefaultCommands, None, None)
[debug] > Exec(early(initialize), None, None)
[debug] > Exec(initialize, None, None)
[debug] > Exec(early(addPluginSbtFile="""C:\Users\UTENTE~1\AppData\Local\Temp\idea3.sbt"""), None, None)
[debug] > Exec(addPluginSbtFile="""C:\Users\UTENTE~1\AppData\Local\Temp\idea3.sbt""", None, None)
[debug] > Exec(boot, None, None)
[debug] > Exec(writeSbtVersion, None, None)
[debug] > Exec(reload, None, None)
[debug] > Exec(sbtStashOnFailure, None, None)
[debug] > Exec(onFailure loadFailed, None, None)
[debug] > Exec(loadp, None, None)
[info] welcome to sbt 1.10.7 (Oracle Corporation Java 1.8.0_202)
[debug] Load.defaultLoad until apply took 56.0482ms
[debug]           Load.loadUnit: plugins took 133.0748ms
[debug]           Load.loadUnit: defsScala took 0.2332ms
[debug] [Loading] Scanning directory C:\Users\Utente PC\IdeaProjects\ProgettoScalable\project
[debug]             Load.loadUnit: mkEval took 4.8847ms
[debug] [Loading] Found non-root projects 
[debug] [Loading] Done in C:\Users\Utente PC\IdeaProjects\ProgettoScalable\project, returning: ()
[debug] deducing auto plugins based on known facts Set(Atom(sbt.plugins.CorePlugin)) and clauses Clauses(Clause(Atom(sbt.plugins.JvmPlugin),Set(Atom(sbt.plugins.IvyPlugin)))
[debug] Clause(Atom(sbt.ScriptedPlugin),Set(Atom(sbt.plugins.JvmPlugin)))
[debug] Clause(Atom(sbt.plugins.SbtPlugin),Set(Atom(sbt.ScriptedPlugin)))
[debug] Clause(Atom(sbt.plugins.SemanticdbPlugin),Set(Atom(sbt.plugins.JvmPlugin)))
[debug] Clause(Atom(sbt.plugins.JUnitXmlReportPlugin),Set(Atom(sbt.plugins.JvmPlugin)))
[debug] Clause(Atom(sbt.plugins.MiniDependencyTreePlugin),Set(Atom(sbt.plugins.JvmPlugin)))
[debug] Clause(Atom(sbt.plugins.CorePlugin),Set(Atom(sbt.plugins.IvyPlugin)))
[debug] Clause(Atom(sbt.plugins.IvyPlugin),Set(Atom(sbt.plugins.JvmPlugin)))
[debug] Clause(Atom(sbt.plugins.JvmPlugin),Set(Atom(sbt.plugins.SemanticdbPlugin)))
[debug] Clause(Atom(sbt.plugins.JvmPlugin),Set(Atom(sbt.plugins.JUnitXmlReportPlugin)))
[debug] Clause(Atom(sbt.plugins.CorePlugin),Set(Atom(sbt.plugins.Giter8TemplatePlugin)))
[debug] Clause(Atom(sbt.plugins.JvmPlugin),Set(Atom(sbt.plugins.MiniDependencyTreePlugin))))
[debug]   :: deduced result: Matched(sbt.plugins.CorePlugin,sbt.plugins.Giter8TemplatePlugin,sbt.plugins.IvyPlugin,sbt.plugins.JvmPlugin,sbt.plugins.MiniDependencyTreePlugin,sbt.plugins.JUnitXmlReportPlugin,sbt.plugins.SemanticdbPlugin)
[debug] Plugins.deducer#function took 11.2059 ms
[info] loading settings for project progettoscalable-build from idea3.sbt...
[debug]               Load.resolveProject(progettoscalable-build) took 35.0824ms
[debug]             Load.loadTransitive: finalizeProject(Project(id progettoscalable-build, base: C:\Users\Utente PC\IdeaProjects\ProgettoScalable\project, plugins: List(<none>))) took 63.5221ms
[debug] [Loading] Done in C:\Users\Utente PC\IdeaProjects\ProgettoScalable\project, returning: (progettoscalable-build)
[debug]           Load.loadUnit: loadedProjectsRaw took 249.7486ms
[debug]           Load.loadUnit: cleanEvalClasses took 5.2012ms
[debug]         Load.loadUnit(file:/C:/Users/Utente%20PC/IdeaProjects/ProgettoScalable/project/, ...) took 392.171ms
[debug]       Load.apply: load took 461.82ms
[debug]       Load.apply: resolveProjects took 3.3272ms
[debug]       Load.apply: finalTransforms took 29.9549ms
[debug]       Load.apply: config.delegates took 4.5989ms
[debug]       Load.apply: Def.make(settings)... took 202.2037ms
[debug]       Load.apply: structureIndex took 50.5025ms
[debug]       Load.apply: mkStreams took 1.4973ms
[info] loading project definition from C:\Users\Utente PC\IdeaProjects\ProgettoScalable\project
[debug] Running task... Cancel: Signal, check cycles: false, forcegc: true
[debug]     Load.loadUnit: plugins took 1303.6384ms
[debug]     Load.loadUnit: defsScala took 0.0026ms
[debug] [Loading] Scanning directory C:\Users\Utente PC\IdeaProjects\ProgettoScalable
[debug]       Load.loadUnit: mkEval took 0.1512ms
[debug] [Loading] Found root project root w/ remaining 
[debug] deducing auto plugins based on known facts Set(Atom(sbt.plugins.CorePlugin)) and clauses Clauses(Clause(Atom(sbt.plugins.JvmPlugin),Set(Atom(sbt.plugins.IvyPlugin)))
[debug] Clause(Atom(sbt.ScriptedPlugin),Set(Atom(sbt.plugins.JvmPlugin)))
[debug] Clause(Atom(sbt.plugins.SbtPlugin),Set(Atom(sbt.ScriptedPlugin)))
[debug] Clause(Atom(sbt.plugins.SemanticdbPlugin),Set(Atom(sbt.plugins.JvmPlugin)))
[debug] Clause(Atom(sbt.plugins.JUnitXmlReportPlugin),Set(Atom(sbt.plugins.JvmPlugin)))
[debug] Clause(Atom(sbt.plugins.MiniDependencyTreePlugin),Set(Atom(sbt.plugins.JvmPlugin)))
[debug] Clause(Atom(org.jetbrains.sbt.StructurePlugin),Set(Atom(sbt.plugins.JvmPlugin)))
[debug] Clause(Atom(org.jetbrains.sbt.IdeaShellPlugin),Set(Atom(sbt.plugins.JvmPlugin)))
[debug] Clause(Atom(org.jetbrains.sbt.indices.SbtIntellijIndicesPlugin),Set(Atom(sbt.plugins.JvmPlugin)))
[debug] Clause(Atom(sbt.plugins.CorePlugin),Set(Atom(sbt.plugins.IvyPlugin)))
[debug] Clause(Atom(sbt.plugins.IvyPlugin),Set(Atom(sbt.plugins.JvmPlugin)))
[debug] Clause(Atom(sbt.plugins.JvmPlugin),Set(Atom(sbt.plugins.SemanticdbPlugin)))
[debug] Clause(Atom(sbt.plugins.JvmPlugin),Set(Atom(sbt.plugins.JUnitXmlReportPlugin)))
[debug] Clause(Atom(sbt.plugins.CorePlugin),Set(Atom(sbt.plugins.Giter8TemplatePlugin)))
[debug] Clause(Atom(sbt.plugins.JvmPlugin),Set(Atom(sbt.plugins.MiniDependencyTreePlugin)))
[debug] Clause(Atom(sbt.plugins.JvmPlugin),Set(Atom(org.jetbrains.sbt.StructurePlugin)))
[debug] Clause(Atom(sbt.plugins.JvmPlugin),Set(Atom(org.jetbrains.sbt.IdeaShellPlugin)))
[debug] Clause(And(Set(Atom(sbt.plugins.CorePlugin), Atom(sbt.plugins.JvmPlugin))),Set(Atom(org.jetbrains.sbt.indices.SbtIntellijIndicesPlugin))))
[debug]   :: deduced result: Matched(sbt.plugins.CorePlugin,sbt.plugins.Giter8TemplatePlugin,sbt.plugins.IvyPlugin,sbt.plugins.JvmPlugin,sbt.plugins.SemanticdbPlugin,org.jetbrains.sbt.indices.SbtIntellijIndicesPlugin,sbt.plugins.JUnitXmlReportPlugin,org.jetbrains.sbt.IdeaShellPlugin,org.jetbrains.sbt.StructurePlugin,sbt.plugins.MiniDependencyTreePlugin)
[debug] Plugins.deducer#function took 1.8462 ms
[info] loading settings for project root from build.sbt...
[debug]         Load.resolveProject(root) took 19.1876ms
[debug]       Load.loadTransitive: finalizeProject(Project(id root, base: C:\Users\Utente PC\IdeaProjects\ProgettoScalable, plugins: List(<none>))) took 22.0772ms
[debug] [Loading] Done in C:\Users\Utente PC\IdeaProjects\ProgettoScalable, returning: (root)
[debug]     Load.loadUnit: loadedProjectsRaw took 58.1179ms
[debug]     Load.loadUnit: cleanEvalClasses took 0.9661ms
[debug]   Load.loadUnit(file:/C:/Users/Utente%20PC/IdeaProjects/ProgettoScalable/, ...) took 1363.4289ms
[debug] Load.apply: load took 1373.6509ms
[debug] Load.apply: resolveProjects took 0.1424ms
[debug] Load.apply: finalTransforms took 14.3423ms
[debug] Load.apply: config.delegates took 0.1834ms
[debug] Load.apply: Def.make(settings)... took 48.6082ms
[debug] Load.apply: structureIndex took 14.2539ms
[debug] Load.apply: mkStreams took 0.0021ms
[info] set current project to ProgettoScalable (in build file:/C:/Users/Utente%20PC/IdeaProjects/ProgettoScalable/)
[warn] there's a key that's not used by any other settings/tasks:
[warn]  
[warn] * root / mainClass
[warn]   +- C:\Users\Utente PC\IdeaProjects\ProgettoScalable\build.sbt:7
[warn]  
[warn] note: a setting might still be used by a command; to exclude a key from this `lintUnused` check
[warn] either append it to `Global / excludeLintKeys` or call .withRank(KeyRanks.Invisible) on the key
[debug] > Exec(sbtPopOnFailure, None, None)
[debug] > Exec(resumeFromFailure, None, None)
[debug] > Exec(notifyUsersAboutShell, None, None)
[debug] > Exec(iflast shell, None, None)
[debug] > Exec(; set ideaPort in Global := 56971 ; idea-shell, None, None)
[debug] > Exec(set ideaPort in Global := 56971, None, None)
[info] Defining Global / ideaPort
[info] The new value will be used by Compile / compile, Test / compile
[debug] Defining 
[debug] 	Global / ideaPort
[debug] 
[debug] The new value will be used by 
[debug] 	Compile / compile
[debug] 	Test / compile
[info] Reapplying settings...
[info] set current project to ProgettoScalable (in build file:/C:/Users/Utente%20PC/IdeaProjects/ProgettoScalable/)
[debug] > Exec(idea-shell, None, None)
