[debug] > Exec(early(addDefaultCommands), None, None)
[debug] > Exec(addDefaultCommands, None, None)
[debug] > Exec(early(initialize), None, None)
[debug] > Exec(initialize, None, None)
[debug] > Exec(early(addPluginSbtFile="""C:\Users\UTENTE~1\AppData\Local\Temp\idea6.sbt"""), None, None)
[debug] > Exec(addPluginSbtFile="""C:\Users\UTENTE~1\AppData\Local\Temp\idea6.sbt""", None, None)
[debug] > Exec(boot, None, None)
[debug] > Exec(writeSbtVersion, None, None)
[debug] > Exec(reload, None, None)
[debug] > Exec(sbtStashOnFailure, None, None)
[debug] > Exec(onFailure loadFailed, None, None)
[debug] > Exec(loadp, None, None)
[info] welcome to sbt 1.10.7 (Oracle Corporation Java 1.8.0_202)
[debug] Load.defaultLoad until apply took 55.6401ms
[debug]           Load.loadUnit: plugins took 137.3515ms
[debug]           Load.loadUnit: defsScala took 0.1832ms
[debug] [Loading] Scanning directory C:\Users\Utente PC\IdeaProjects\ProgettoScalable\project
[debug]             Load.loadUnit: mkEval took 4.6234ms
[debug] [Loading] Found non-root projects 
[debug] [Loading] Done in C:\Users\Utente PC\IdeaProjects\ProgettoScalable\project, returning: ()
[debug] deducing auto plugins based on known facts Set(Atom(sbt.plugins.CorePlugin)) and clauses Clauses(Clause(Atom(sbt.plugins.JvmPlugin),Set(Atom(sbt.plugins.IvyPlugin)))
[debug] Clause(Atom(sbt.ScriptedPlugin),Set(Atom(sbt.plugins.JvmPlugin)))
[debug] Clause(Atom(sbt.plugins.SbtPlugin),Set(Atom(sbt.ScriptedPlugin)))
[debug] Clause(Atom(sbt.plugins.SemanticdbPlugin),Set(Atom(sbt.plugins.JvmPlugin)))
[debug] Clause(Atom(sbt.plugins.JUnitXmlReportPlugin),Set(Atom(sbt.plugins.JvmPlugin)))
[debug] Clause(Atom(sbt.plugins.MiniDependencyTreePlugin),Set(Atom(sbt.plugins.JvmPlugin)))
[debug] Clause(Atom(sbt.plugins.CorePlugin),Set(Atom(sbt.plugins.IvyPlugin)))
[debug] Clause(Atom(sbt.plugins.IvyPlugin),Set(Atom(sbt.plugins.JvmPlugin)))
[debug] Clause(Atom(sbt.plugins.JvmPlugin),Set(Atom(sbt.plugins.SemanticdbPlugin)))
[debug] Clause(Atom(sbt.plugins.JvmPlugin),Set(Atom(sbt.plugins.JUnitXmlReportPlugin)))
[debug] Clause(Atom(sbt.plugins.CorePlugin),Set(Atom(sbt.plugins.Giter8TemplatePlugin)))
[debug] Clause(Atom(sbt.plugins.JvmPlugin),Set(Atom(sbt.plugins.MiniDependencyTreePlugin))))
[debug]   :: deduced result: Matched(sbt.plugins.CorePlugin,sbt.plugins.Giter8TemplatePlugin,sbt.plugins.IvyPlugin,sbt.plugins.JvmPlugin,sbt.plugins.MiniDependencyTreePlugin,sbt.plugins.JUnitXmlReportPlugin,sbt.plugins.SemanticdbPlugin)
[debug] Plugins.deducer#function took 11.1414 ms
[info] loading settings for project progettoscalable-build from idea6.sbt...
[debug]               Load.resolveProject(progettoscalable-build) took 36.4976ms
[debug]             Load.loadTransitive: finalizeProject(Project(id progettoscalable-build, base: C:\Users\Utente PC\IdeaProjects\ProgettoScalable\project, plugins: List(<none>))) took 66.0165ms
[debug] [Loading] Done in C:\Users\Utente PC\IdeaProjects\ProgettoScalable\project, returning: (progettoscalable-build)
[debug]           Load.loadUnit: loadedProjectsRaw took 243.6493ms
[debug]           Load.loadUnit: cleanEvalClasses took 5.0461ms
[debug]         Load.loadUnit(file:/C:/Users/Utente%20PC/IdeaProjects/ProgettoScalable/project/, ...) took 389.8489ms
[debug]       Load.apply: load took 464.2077ms
[debug]       Load.apply: resolveProjects took 3.4086ms
[debug]       Load.apply: finalTransforms took 30.9805ms
[debug]       Load.apply: config.delegates took 4.5495ms
[debug]       Load.apply: Def.make(settings)... took 201.4843ms
[debug]       Load.apply: structureIndex took 55.3397ms
[debug]       Load.apply: mkStreams took 1.435ms
[info] loading project definition from C:\Users\Utente PC\IdeaProjects\ProgettoScalable\project
[debug] Running task... Cancel: Signal, check cycles: false, forcegc: true
[debug]     Load.loadUnit: plugins took 1308.9911ms
[debug]     Load.loadUnit: defsScala took 0.0033ms
[debug] [Loading] Scanning directory C:\Users\Utente PC\IdeaProjects\ProgettoScalable
[debug]       Load.loadUnit: mkEval took 0.188ms
[debug] [Loading] Found root project root w/ remaining 
[debug] deducing auto plugins based on known facts Set(Atom(sbt.plugins.CorePlugin)) and clauses Clauses(Clause(Atom(sbt.plugins.JvmPlugin),Set(Atom(sbt.plugins.IvyPlugin)))
[debug] Clause(Atom(sbt.ScriptedPlugin),Set(Atom(sbt.plugins.JvmPlugin)))
[debug] Clause(Atom(sbt.plugins.SbtPlugin),Set(Atom(sbt.ScriptedPlugin)))
[debug] Clause(Atom(sbt.plugins.SemanticdbPlugin),Set(Atom(sbt.plugins.JvmPlugin)))
[debug] Clause(Atom(sbt.plugins.JUnitXmlReportPlugin),Set(Atom(sbt.plugins.JvmPlugin)))
[debug] Clause(Atom(sbt.plugins.MiniDependencyTreePlugin),Set(Atom(sbt.plugins.JvmPlugin)))
[debug] Clause(Atom(org.jetbrains.sbt.StructurePlugin),Set(Atom(sbt.plugins.JvmPlugin)))
[debug] Clause(Atom(org.jetbrains.sbt.IdeaShellPlugin),Set(Atom(sbt.plugins.JvmPlugin)))
[debug] Clause(Atom(org.jetbrains.sbt.indices.SbtIntellijIndicesPlugin),Set(Atom(sbt.plugins.JvmPlugin)))
[debug] Clause(Atom(sbt.plugins.CorePlugin),Set(Atom(sbt.plugins.IvyPlugin)))
[debug] Clause(Atom(sbt.plugins.IvyPlugin),Set(Atom(sbt.plugins.JvmPlugin)))
[debug] Clause(Atom(sbt.plugins.JvmPlugin),Set(Atom(sbt.plugins.SemanticdbPlugin)))
[debug] Clause(Atom(sbt.plugins.JvmPlugin),Set(Atom(sbt.plugins.JUnitXmlReportPlugin)))
[debug] Clause(Atom(sbt.plugins.CorePlugin),Set(Atom(sbt.plugins.Giter8TemplatePlugin)))
[debug] Clause(Atom(sbt.plugins.JvmPlugin),Set(Atom(sbt.plugins.MiniDependencyTreePlugin)))
[debug] Clause(Atom(sbt.plugins.JvmPlugin),Set(Atom(org.jetbrains.sbt.StructurePlugin)))
[debug] Clause(Atom(sbt.plugins.JvmPlugin),Set(Atom(org.jetbrains.sbt.IdeaShellPlugin)))
[debug] Clause(And(Set(Atom(sbt.plugins.CorePlugin), Atom(sbt.plugins.JvmPlugin))),Set(Atom(org.jetbrains.sbt.indices.SbtIntellijIndicesPlugin))))
[debug]   :: deduced result: Matched(sbt.plugins.CorePlugin,sbt.plugins.Giter8TemplatePlugin,sbt.plugins.IvyPlugin,sbt.plugins.JvmPlugin,sbt.plugins.SemanticdbPlugin,org.jetbrains.sbt.indices.SbtIntellijIndicesPlugin,sbt.plugins.JUnitXmlReportPlugin,org.jetbrains.sbt.IdeaShellPlugin,org.jetbrains.sbt.StructurePlugin,sbt.plugins.MiniDependencyTreePlugin)
[debug] Plugins.deducer#function took 1.7141 ms
[info] loading settings for project root from build.sbt...
[debug]         Load.resolveProject(root) took 16.7668ms
[debug]       Load.loadTransitive: finalizeProject(Project(id root, base: C:\Users\Utente PC\IdeaProjects\ProgettoScalable, plugins: List(<none>))) took 19.4786ms
[debug] [Loading] Done in C:\Users\Utente PC\IdeaProjects\ProgettoScalable, returning: (root)
[debug]     Load.loadUnit: loadedProjectsRaw took 57.7659ms
[debug]     Load.loadUnit: cleanEvalClasses took 1.8332ms
[debug]   Load.loadUnit(file:/C:/Users/Utente%20PC/IdeaProjects/ProgettoScalable/, ...) took 1369.3785ms
[debug] Load.apply: load took 1381.1294ms
[debug] Load.apply: resolveProjects took 0.1066ms
[debug] Load.apply: finalTransforms took 15.4929ms
[debug] Load.apply: config.delegates took 0.204ms
[debug] Load.apply: Def.make(settings)... took 43.0969ms
[debug] Load.apply: structureIndex took 18.5316ms
[debug] Load.apply: mkStreams took 0.0033ms
[info] set current project to ProgettoScalable (in build file:/C:/Users/Utente%20PC/IdeaProjects/ProgettoScalable/)
[warn] there's a key that's not used by any other settings/tasks:
[warn]  
[warn] * root / mainClass
[warn]   +- C:\Users\Utente PC\IdeaProjects\ProgettoScalable\build.sbt:7
[warn]  
[warn] note: a setting might still be used by a command; to exclude a key from this `lintUnused` check
[warn] either append it to `Global / excludeLintKeys` or call .withRank(KeyRanks.Invisible) on the key
[debug] > Exec(sbtPopOnFailure, None, None)
[debug] > Exec(resumeFromFailure, None, None)
[debug] > Exec(notifyUsersAboutShell, None, None)
[debug] > Exec(iflast shell, None, None)
[debug] > Exec(; set ideaPort in Global := 52420 ; idea-shell, None, None)
[debug] > Exec(set ideaPort in Global := 52420, None, None)
[info] Defining Global / ideaPort
[info] The new value will be used by Compile / compile, Test / compile
[debug] Defining 
[debug] 	Global / ideaPort
[debug] 
[debug] The new value will be used by 
[debug] 	Compile / compile
[debug] 	Test / compile
[info] Reapplying settings...
[info] set current project to ProgettoScalable (in build file:/C:/Users/Utente%20PC/IdeaProjects/ProgettoScalable/)
[debug] > Exec(idea-shell, None, None)
