[debug] > Exec(early(addDefaultCommands), None, None)
[debug] > Exec(addDefaultCommands, None, None)
[debug] > Exec(early(initialize), None, None)
[debug] > Exec(initialize, None, None)
[debug] > Exec(early(addPluginSbtFile="""C:\Users\UTENTE~1\AppData\Local\Temp\idea1.sbt"""), None, None)
[debug] > Exec(addPluginSbtFile="""C:\Users\UTENTE~1\AppData\Local\Temp\idea1.sbt""", None, None)
[debug] > Exec(boot, None, None)
[debug] > Exec(writeSbtVersion, None, None)
[debug] > Exec(reload, None, None)
[debug] > Exec(sbtStashOnFailure, None, None)
[debug] > Exec(onFailure loadFailed, None, None)
[debug] > Exec(loadp, None, None)
[info] welcome to sbt 1.10.7 (Oracle Corporation Java 1.8.0_202)
[debug] Load.defaultLoad until apply took 55.2818ms
[debug]           Load.loadUnit: plugins took 47.2354ms
[debug]           Load.loadUnit: defsScala took 0.1915ms
[debug] [Loading] Scanning directory C:\Users\Utente PC\IdeaProjects\ProgettoScalable\project
[debug]             Load.loadUnit: mkEval took 103.973ms
[debug] [Loading] Found non-root projects 
[debug] [Loading] Done in C:\Users\Utente PC\IdeaProjects\ProgettoScalable\project, returning: ()
[debug] deducing auto plugins based on known facts Set(Atom(sbt.plugins.CorePlugin)) and clauses Clauses(Clause(Atom(sbt.plugins.JvmPlugin),Set(Atom(sbt.plugins.IvyPlugin)))
[debug] Clause(Atom(sbt.ScriptedPlugin),Set(Atom(sbt.plugins.JvmPlugin)))
[debug] Clause(Atom(sbt.plugins.SbtPlugin),Set(Atom(sbt.ScriptedPlugin)))
[debug] Clause(Atom(sbt.plugins.SemanticdbPlugin),Set(Atom(sbt.plugins.JvmPlugin)))
[debug] Clause(Atom(sbt.plugins.JUnitXmlReportPlugin),Set(Atom(sbt.plugins.JvmPlugin)))
[debug] Clause(Atom(sbt.plugins.MiniDependencyTreePlugin),Set(Atom(sbt.plugins.JvmPlugin)))
[debug] Clause(Atom(sbt.plugins.CorePlugin),Set(Atom(sbt.plugins.IvyPlugin)))
[debug] Clause(Atom(sbt.plugins.IvyPlugin),Set(Atom(sbt.plugins.JvmPlugin)))
[debug] Clause(Atom(sbt.plugins.JvmPlugin),Set(Atom(sbt.plugins.SemanticdbPlugin)))
[debug] Clause(Atom(sbt.plugins.JvmPlugin),Set(Atom(sbt.plugins.JUnitXmlReportPlugin)))
[debug] Clause(Atom(sbt.plugins.CorePlugin),Set(Atom(sbt.plugins.Giter8TemplatePlugin)))
[debug] Clause(Atom(sbt.plugins.JvmPlugin),Set(Atom(sbt.plugins.MiniDependencyTreePlugin))))
[debug]   :: deduced result: Matched(sbt.plugins.CorePlugin,sbt.plugins.Giter8TemplatePlugin,sbt.plugins.IvyPlugin,sbt.plugins.JvmPlugin,sbt.plugins.MiniDependencyTreePlugin,sbt.plugins.JUnitXmlReportPlugin,sbt.plugins.SemanticdbPlugin)
[debug] Plugins.deducer#function took 11.4214 ms
[info] loading settings for project progettoscalable-build from idea1.sbt...
[debug]               Load.resolveProject(progettoscalable-build) took 37.6ms
[debug]             Load.loadTransitive: finalizeProject(Project(id progettoscalable-build, base: C:\Users\Utente PC\IdeaProjects\ProgettoScalable\project, plugins: List(<none>))) took 66.0187ms
[debug] [Loading] Done in C:\Users\Utente PC\IdeaProjects\ProgettoScalable\project, returning: (progettoscalable-build)
[debug]           Load.loadUnit: loadedProjectsRaw took 344.5372ms
[debug]           Load.loadUnit: cleanEvalClasses took 4.812ms
[debug]         Load.loadUnit(file:/C:/Users/Utente%20PC/IdeaProjects/ProgettoScalable/project/, ...) took 400.4211ms
[debug]       Load.apply: load took 469.3382ms
[debug]       Load.apply: resolveProjects took 3.7395ms
[debug]       Load.apply: finalTransforms took 32.0563ms
[debug]       Load.apply: config.delegates took 4.3353ms
[debug]       Load.apply: Def.make(settings)... took 202.3758ms
[debug]       Load.apply: structureIndex took 56.3986ms
[debug]       Load.apply: mkStreams took 1.2781ms
[info] loading project definition from C:\Users\Utente PC\IdeaProjects\ProgettoScalable\project
[debug] Running task... Cancel: Signal, check cycles: false, forcegc: true
[debug]     Load.loadUnit: plugins took 1313.7268ms
[debug]     Load.loadUnit: defsScala took 0.0022ms
[debug] [Loading] Scanning directory C:\Users\Utente PC\IdeaProjects\ProgettoScalable
[debug]       Load.loadUnit: mkEval took 0.166ms
[debug] [Loading] Found non-root projects 
[debug] [Loading] Done in C:\Users\Utente PC\IdeaProjects\ProgettoScalable, returning: ()
[debug] deducing auto plugins based on known facts Set(Atom(sbt.plugins.CorePlugin)) and clauses Clauses(Clause(Atom(sbt.plugins.JvmPlugin),Set(Atom(sbt.plugins.IvyPlugin)))
[debug] Clause(Atom(sbt.ScriptedPlugin),Set(Atom(sbt.plugins.JvmPlugin)))
[debug] Clause(Atom(sbt.plugins.SbtPlugin),Set(Atom(sbt.ScriptedPlugin)))
[debug] Clause(Atom(sbt.plugins.SemanticdbPlugin),Set(Atom(sbt.plugins.JvmPlugin)))
[debug] Clause(Atom(sbt.plugins.JUnitXmlReportPlugin),Set(Atom(sbt.plugins.JvmPlugin)))
[debug] Clause(Atom(sbt.plugins.MiniDependencyTreePlugin),Set(Atom(sbt.plugins.JvmPlugin)))
[debug] Clause(Atom(org.jetbrains.sbt.StructurePlugin),Set(Atom(sbt.plugins.JvmPlugin)))
[debug] Clause(Atom(org.jetbrains.sbt.IdeaShellPlugin),Set(Atom(sbt.plugins.JvmPlugin)))
[debug] Clause(Atom(org.jetbrains.sbt.indices.SbtIntellijIndicesPlugin),Set(Atom(sbt.plugins.JvmPlugin)))
[debug] Clause(Atom(sbt.plugins.CorePlugin),Set(Atom(sbt.plugins.IvyPlugin)))
[debug] Clause(Atom(sbt.plugins.IvyPlugin),Set(Atom(sbt.plugins.JvmPlugin)))
[debug] Clause(Atom(sbt.plugins.JvmPlugin),Set(Atom(sbt.plugins.SemanticdbPlugin)))
[debug] Clause(Atom(sbt.plugins.JvmPlugin),Set(Atom(sbt.plugins.JUnitXmlReportPlugin)))
[debug] Clause(Atom(sbt.plugins.CorePlugin),Set(Atom(sbt.plugins.Giter8TemplatePlugin)))
[debug] Clause(Atom(sbt.plugins.JvmPlugin),Set(Atom(sbt.plugins.MiniDependencyTreePlugin)))
[debug] Clause(Atom(sbt.plugins.JvmPlugin),Set(Atom(org.jetbrains.sbt.StructurePlugin)))
[debug] Clause(Atom(sbt.plugins.JvmPlugin),Set(Atom(org.jetbrains.sbt.IdeaShellPlugin)))
[debug] Clause(And(Set(Atom(sbt.plugins.CorePlugin), Atom(sbt.plugins.JvmPlugin))),Set(Atom(org.jetbrains.sbt.indices.SbtIntellijIndicesPlugin))))
[debug]   :: deduced result: Matched(sbt.plugins.CorePlugin,sbt.plugins.Giter8TemplatePlugin,sbt.plugins.IvyPlugin,sbt.plugins.JvmPlugin,sbt.plugins.SemanticdbPlugin,org.jetbrains.sbt.indices.SbtIntellijIndicesPlugin,sbt.plugins.JUnitXmlReportPlugin,org.jetbrains.sbt.IdeaShellPlugin,org.jetbrains.sbt.StructurePlugin,sbt.plugins.MiniDependencyTreePlugin)
[debug] Plugins.deducer#function took 1.771 ms
[info] loading settings for project progettoscalable from build.sbt...
[debug]         Load.resolveProject(progettoscalable) took 17.3878ms
[debug]       Load.loadTransitive: finalizeProject(Project(id progettoscalable, base: C:\Users\Utente PC\IdeaProjects\ProgettoScalable, plugins: List(<none>))) took 19.932ms
[debug] [Loading] Done in C:\Users\Utente PC\IdeaProjects\ProgettoScalable, returning: (progettoscalable)
[debug]     Load.loadUnit: loadedProjectsRaw took 886.41ms
[debug]     Load.loadUnit: cleanEvalClasses took 2.5064ms
[debug]   Load.loadUnit(file:/C:/Users/Utente%20PC/IdeaProjects/ProgettoScalable/, ...) took 2203.3993ms
[debug] Load.apply: load took 2213.8012ms
[debug] Load.apply: resolveProjects took 0.1221ms
[debug] Load.apply: finalTransforms took 17.4045ms
[debug] Load.apply: config.delegates took 0.3146ms
[debug] Load.apply: Def.make(settings)... took 42.4259ms
[debug] Load.apply: structureIndex took 18.2227ms
[debug] Load.apply: mkStreams took 0.0211ms
[info] set current project to ProgettoScalable (in build file:/C:/Users/Utente%20PC/IdeaProjects/ProgettoScalable/)
[debug] > Exec(sbtPopOnFailure, None, None)
[debug] > Exec(resumeFromFailure, None, None)
[debug] > Exec(notifyUsersAboutShell, None, None)
[debug] > Exec(iflast shell, None, None)
[debug] > Exec(; set ideaPort in Global := 56971 ; idea-shell, None, None)
[debug] > Exec(set ideaPort in Global := 56971, None, None)
[info] Defining Global / ideaPort
[info] The new value will be used by Compile / compile, Test / compile
[debug] Defining 
[debug] 	Global / ideaPort
[debug] 
[debug] The new value will be used by 
[debug] 	Compile / compile
[debug] 	Test / compile
[info] Reapplying settings...
[info] set current project to ProgettoScalable (in build file:/C:/Users/Utente%20PC/IdeaProjects/ProgettoScalable/)
[debug] > Exec(idea-shell, None, None)
